mode: set
finger-print-voting-backend/internal/api/ErrorHandling.go:12.92,13.16 1 1
finger-print-voting-backend/internal/api/ErrorHandling.go:13.16,15.3 1 1
finger-print-voting-backend/internal/api/ErrorHandling.go:17.2,18.13 2 1
finger-print-voting-backend/internal/api/ErrorHandling.go:25.116,26.16 1 1
finger-print-voting-backend/internal/api/ErrorHandling.go:26.16,28.3 1 1
finger-print-voting-backend/internal/api/ErrorHandling.go:30.2,31.20 2 0
finger-print-voting-backend/internal/api/ErrorHandling.go:31.20,34.3 2 0
finger-print-voting-backend/internal/api/ErrorHandling.go:36.2,37.13 2 0
finger-print-voting-backend/internal/api/HandleGetElectionForUser.go:12.85,16.9 3 0
finger-print-voting-backend/internal/api/HandleGetElectionForUser.go:16.9,19.3 2 0
finger-print-voting-backend/internal/api/HandleGetElectionForUser.go:21.2,22.35 2 0
finger-print-voting-backend/internal/api/HandleGetElectionForUser.go:22.35,24.3 1 0
finger-print-voting-backend/internal/api/HandleGetElectionForUser.go:26.2,27.39 2 0
finger-print-voting-backend/internal/api/HandleGetElectionForUser.go:30.97,32.16 2 0
finger-print-voting-backend/internal/api/HandleGetElectionForUser.go:32.16,34.3 1 0
finger-print-voting-backend/internal/api/HandleGetElectionForUser.go:37.2,38.16 2 0
finger-print-voting-backend/internal/api/HandleGetElectionForUser.go:38.16,40.3 1 0
finger-print-voting-backend/internal/api/HandleGetElectionForUser.go:42.2,46.27 3 0
finger-print-voting-backend/internal/api/HandleGetElectionForUser.go:46.27,48.17 2 0
finger-print-voting-backend/internal/api/HandleGetElectionForUser.go:48.17,50.4 1 0
finger-print-voting-backend/internal/api/HandleGetElectionForUser.go:52.3,52.34 1 0
finger-print-voting-backend/internal/api/HandleGetElectionForUser.go:52.34,54.4 1 0
finger-print-voting-backend/internal/api/HandleGetElectionForUser.go:57.2,57.24 1 0
finger-print-voting-backend/internal/api/HandleGetElectionForUser.go:57.24,59.3 1 0
finger-print-voting-backend/internal/api/HandleGetElectionForUser.go:61.2,63.16 3 0
finger-print-voting-backend/internal/api/HandleGetElectionForUser.go:63.16,65.3 1 0
finger-print-voting-backend/internal/api/HandleGetElectionForUser.go:67.2,67.25 1 0
finger-print-voting-backend/internal/api/HandleGetElectionForUser.go:67.25,69.3 1 0
finger-print-voting-backend/internal/api/HandleGetElectionForUser.go:71.2,77.13 1 0
finger-print-voting-backend/internal/api/HandleGetElections.go:11.79,14.55 2 1
finger-print-voting-backend/internal/api/HandleGetElections.go:14.55,16.3 1 0
finger-print-voting-backend/internal/api/HandleGetElections.go:18.2,20.37 2 1
finger-print-voting-backend/internal/api/HandleGetElections.go:20.37,22.56 2 1
finger-print-voting-backend/internal/api/HandleGetElections.go:22.56,24.4 1 0
finger-print-voting-backend/internal/api/HandleGetElections.go:26.3,26.23 1 1
finger-print-voting-backend/internal/api/HandleGetElections.go:26.23,29.35 2 1
finger-print-voting-backend/internal/api/HandleGetElections.go:29.35,37.5 1 1
finger-print-voting-backend/internal/api/HandleGetElections.go:39.4,45.6 1 1
finger-print-voting-backend/internal/api/HandleGetElections.go:46.9,48.57 2 1
finger-print-voting-backend/internal/api/HandleGetElections.go:48.57,50.5 1 0
finger-print-voting-backend/internal/api/HandleGetElections.go:52.4,53.57 2 1
finger-print-voting-backend/internal/api/HandleGetElections.go:53.57,55.5 1 0
finger-print-voting-backend/internal/api/HandleGetElections.go:57.4,65.6 2 1
finger-print-voting-backend/internal/api/HandleGetElections.go:69.2,69.30 1 1
finger-print-voting-backend/internal/api/HandleGetElections.go:69.30,72.3 2 0
finger-print-voting-backend/internal/api/HandleGetElections.go:74.2,77.44 3 1
finger-print-voting-backend/internal/api/HandleGetRegistrations.go:8.83,11.55 2 1
finger-print-voting-backend/internal/api/HandleGetRegistrations.go:11.55,13.3 1 1
finger-print-voting-backend/internal/api/HandleGetRegistrations.go:15.2,16.41 2 1
finger-print-voting-backend/internal/api/HandleGetUser.go:10.74,14.9 3 1
finger-print-voting-backend/internal/api/HandleGetUser.go:14.9,17.3 2 0
finger-print-voting-backend/internal/api/HandleGetUser.go:19.2,20.34 2 1
finger-print-voting-backend/internal/api/HandlePostElection.go:12.79,16.46 3 0
finger-print-voting-backend/internal/api/HandlePostElection.go:16.46,18.3 1 0
finger-print-voting-backend/internal/api/HandlePostElection.go:20.2,20.77 1 0
finger-print-voting-backend/internal/api/HandlePostElection.go:20.77,22.3 1 0
finger-print-voting-backend/internal/api/HandlePostElection.go:25.2,26.55 2 0
finger-print-voting-backend/internal/api/HandlePostElection.go:26.55,28.3 1 0
finger-print-voting-backend/internal/api/HandlePostElection.go:30.2,34.43 3 0
finger-print-voting-backend/internal/api/HandlePostElection.go:34.43,36.56 2 0
finger-print-voting-backend/internal/api/HandlePostElection.go:36.56,38.4 1 0
finger-print-voting-backend/internal/api/HandlePostElection.go:40.3,40.34 1 0
finger-print-voting-backend/internal/api/HandlePostElection.go:40.34,42.4 1 0
finger-print-voting-backend/internal/api/HandlePostElection.go:46.2,46.32 1 0
finger-print-voting-backend/internal/api/HandlePostElection.go:46.32,49.3 2 0
finger-print-voting-backend/internal/api/HandlePostElection.go:51.2,51.96 1 0
finger-print-voting-backend/internal/api/HandlePostElection.go:51.96,53.3 1 0
finger-print-voting-backend/internal/api/HandlePostElection.go:55.2,57.35 2 0
finger-print-voting-backend/internal/api/HandlePostLogin.go:16.76,20.46 3 1
finger-print-voting-backend/internal/api/HandlePostLogin.go:20.46,22.3 1 1
finger-print-voting-backend/internal/api/HandlePostLogin.go:24.2,24.73 1 1
finger-print-voting-backend/internal/api/HandlePostLogin.go:24.73,26.3 1 1
finger-print-voting-backend/internal/api/HandlePostLogin.go:28.2,29.16 2 1
finger-print-voting-backend/internal/api/HandlePostLogin.go:29.16,30.39 1 1
finger-print-voting-backend/internal/api/HandlePostLogin.go:30.39,33.4 2 1
finger-print-voting-backend/internal/api/HandlePostLogin.go:34.3,35.9 2 1
finger-print-voting-backend/internal/api/HandlePostLogin.go:38.2,39.48 2 1
finger-print-voting-backend/internal/api/HandlePostLogin.go:39.48,41.3 1 1
finger-print-voting-backend/internal/api/HandlePostLogin.go:43.2,46.16 3 1
finger-print-voting-backend/internal/api/HandlePostLogin.go:46.16,50.3 3 0
finger-print-voting-backend/internal/api/HandlePostLogin.go:52.2,55.30 3 1
finger-print-voting-backend/internal/api/HandlePostRegistration.go:10.83,14.46 3 1
finger-print-voting-backend/internal/api/HandlePostRegistration.go:14.46,16.3 1 1
finger-print-voting-backend/internal/api/HandlePostRegistration.go:18.2,18.81 1 1
finger-print-voting-backend/internal/api/HandlePostRegistration.go:18.81,20.3 1 0
finger-print-voting-backend/internal/api/HandlePostRegistration.go:22.2,22.102 1 1
finger-print-voting-backend/internal/api/HandlePostRegistration.go:22.102,24.3 1 0
finger-print-voting-backend/internal/api/HandlePostRegistration.go:26.2,28.35 2 1
finger-print-voting-backend/internal/api/HandlePostRegistrationAcceptance.go:12.93,17.46 3 1
finger-print-voting-backend/internal/api/HandlePostRegistrationAcceptance.go:17.46,19.3 1 1
finger-print-voting-backend/internal/api/HandlePostRegistrationAcceptance.go:22.2,23.44 2 1
finger-print-voting-backend/internal/api/HandlePostRegistrationAcceptance.go:23.44,25.3 1 0
finger-print-voting-backend/internal/api/HandlePostRegistrationAcceptance.go:28.2,29.55 2 1
finger-print-voting-backend/internal/api/HandlePostRegistrationAcceptance.go:29.55,31.3 1 0
finger-print-voting-backend/internal/api/HandlePostRegistrationAcceptance.go:34.2,35.71 2 1
finger-print-voting-backend/internal/api/HandlePostRegistrationAcceptance.go:35.71,37.3 1 0
finger-print-voting-backend/internal/api/HandlePostRegistrationAcceptance.go:40.2,40.30 1 1
finger-print-voting-backend/internal/api/HandlePostRegistrationAcceptance.go:40.30,43.47 2 1
finger-print-voting-backend/internal/api/HandlePostRegistrationAcceptance.go:43.47,45.4 1 0
finger-print-voting-backend/internal/api/HandlePostRegistrationAcceptance.go:47.3,51.72 3 1
finger-print-voting-backend/internal/api/HandlePostRegistrationAcceptance.go:51.72,53.4 1 0
finger-print-voting-backend/internal/api/HandlePostRegistrationAcceptance.go:56.3,72.72 3 1
finger-print-voting-backend/internal/api/HandlePostRegistrationAcceptance.go:72.72,74.4 1 0
finger-print-voting-backend/internal/api/HandlePostRegistrationAcceptance.go:75.8,77.3 1 1
finger-print-voting-backend/internal/api/HandlePostRegistrationAcceptance.go:80.2,81.71 2 1
finger-print-voting-backend/internal/api/HandlePostRegistrationAcceptance.go:81.71,83.3 1 0
finger-print-voting-backend/internal/api/HandlePostRegistrationAcceptance.go:85.2,85.35 1 1
finger-print-voting-backend/internal/api/HandlePostVote.go:15.75,20.9 3 0
finger-print-voting-backend/internal/api/HandlePostVote.go:20.9,23.3 2 0
finger-print-voting-backend/internal/api/HandlePostVote.go:25.2,26.16 2 0
finger-print-voting-backend/internal/api/HandlePostVote.go:26.16,29.3 2 0
finger-print-voting-backend/internal/api/HandlePostVote.go:31.2,34.46 3 0
finger-print-voting-backend/internal/api/HandlePostVote.go:34.46,36.3 1 0
finger-print-voting-backend/internal/api/HandlePostVote.go:38.2,38.73 1 0
finger-print-voting-backend/internal/api/HandlePostVote.go:38.73,40.3 1 0
finger-print-voting-backend/internal/api/HandlePostVote.go:42.2,43.16 2 0
finger-print-voting-backend/internal/api/HandlePostVote.go:43.16,44.36 1 0
finger-print-voting-backend/internal/api/HandlePostVote.go:44.36,47.4 2 0
finger-print-voting-backend/internal/api/HandlePostVote.go:49.3,50.9 2 0
finger-print-voting-backend/internal/api/HandlePostVote.go:52.2,52.55 1 0
finger-print-voting-backend/internal/api/HandlePostVote.go:52.55,54.3 1 0
finger-print-voting-backend/internal/api/HandlePostVote.go:56.2,56.41 1 0
finger-print-voting-backend/internal/api/HandlePostVote.go:56.41,59.3 2 0
finger-print-voting-backend/internal/api/HandlePostVote.go:61.2,62.55 2 0
finger-print-voting-backend/internal/api/HandlePostVote.go:62.55,64.3 1 0
finger-print-voting-backend/internal/api/HandlePostVote.go:66.2,67.55 2 0
finger-print-voting-backend/internal/api/HandlePostVote.go:67.55,69.3 1 0
finger-print-voting-backend/internal/api/HandlePostVote.go:71.2,73.35 2 0
finger-print-voting-backend/internal/api/HandlePostVote.go:73.35,76.3 2 0
finger-print-voting-backend/internal/api/HandlePostVote.go:78.2,78.33 1 0
finger-print-voting-backend/internal/api/HandlePostVote.go:78.33,81.3 2 0
finger-print-voting-backend/internal/api/HandlePostVote.go:83.2,84.46 2 0
finger-print-voting-backend/internal/api/HandlePostVote.go:84.46,86.3 1 0
finger-print-voting-backend/internal/api/HandlePostVote.go:88.2,88.26 1 0
finger-print-voting-backend/internal/api/HandlePostVote.go:88.26,91.3 2 0
finger-print-voting-backend/internal/api/HandlePostVote.go:93.2,94.55 2 0
finger-print-voting-backend/internal/api/HandlePostVote.go:94.55,96.3 1 0
finger-print-voting-backend/internal/api/HandlePostVote.go:98.2,103.71 2 0
finger-print-voting-backend/internal/api/HandlePostVote.go:103.71,105.3 1 0
finger-print-voting-backend/internal/api/HandlePostVote.go:107.2,108.71 2 0
finger-print-voting-backend/internal/api/HandlePostVote.go:108.71,110.3 1 0
finger-print-voting-backend/internal/api/HandlePostVote.go:112.2,112.63 1 0
finger-print-voting-backend/internal/api/HandlePostVote.go:112.63,114.3 1 0
finger-print-voting-backend/internal/api/HandlePostVote.go:116.2,118.35 2 0
finger-print-voting-backend/internal/api/LogMiddleware.go:8.66,9.71 1 1
finger-print-voting-backend/internal/api/LogMiddleware.go:9.71,14.3 4 1
finger-print-voting-backend/internal/api/MiddlewareAuth.go:21.69,22.46 1 1
finger-print-voting-backend/internal/api/MiddlewareAuth.go:22.46,23.72 1 1
finger-print-voting-backend/internal/api/MiddlewareAuth.go:23.72,30.45 4 1
finger-print-voting-backend/internal/api/MiddlewareAuth.go:30.45,33.5 2 1
finger-print-voting-backend/internal/api/MiddlewareAuth.go:35.4,37.38 2 1
finger-print-voting-backend/internal/api/MiddlewareAuth.go:37.38,40.5 2 1
finger-print-voting-backend/internal/api/MiddlewareAuth.go:42.4,45.18 3 1
finger-print-voting-backend/internal/api/MiddlewareAuth.go:45.18,48.5 2 1
finger-print-voting-backend/internal/api/MiddlewareAuth.go:50.4,51.18 2 1
finger-print-voting-backend/internal/api/MiddlewareAuth.go:51.18,54.5 2 1
finger-print-voting-backend/internal/api/MiddlewareAuth.go:56.4,56.21 1 1
finger-print-voting-backend/internal/api/MiddlewareAuth.go:57.19,58.19 1 1
finger-print-voting-backend/internal/api/MiddlewareAuth.go:58.19,62.6 3 1
finger-print-voting-backend/internal/api/MiddlewareAuth.go:63.19,64.20 1 1
finger-print-voting-backend/internal/api/MiddlewareAuth.go:64.20,68.6 3 1
finger-print-voting-backend/internal/api/MiddlewareAuth.go:69.22,69.22 0 1
finger-print-voting-backend/internal/api/MiddlewareAuth.go:72.4,74.29 3 1
finger-print-voting-backend/internal/api/Routes.go:9.28,35.2 17 1
finger-print-voting-backend/internal/api/Server.go:21.26,23.2 1 1
finger-print-voting-backend/internal/api/Server.go:25.45,39.2 4 1
finger-print-voting-backend/internal/api/Server.go:41.34,43.2 1 1
finger-print-voting-backend/internal/api/Server.go:45.70,47.2 1 1
finger-print-voting-backend/internal/api/Server.go:49.63,52.2 2 1
finger-print-voting-backend/internal/api/Server.go:54.62,57.2 2 1
finger-print-voting-backend/internal/api/auth/JWT.go:19.36,20.27 1 1
finger-print-voting-backend/internal/api/auth/JWT.go:20.27,22.3 1 0
finger-print-voting-backend/internal/api/auth/JWT.go:24.2,24.42 1 1
finger-print-voting-backend/internal/api/auth/JWT.go:24.42,26.3 1 0
finger-print-voting-backend/internal/api/auth/JWT.go:28.2,28.12 1 1
finger-print-voting-backend/internal/api/auth/JWT.go:31.66,46.16 5 1
finger-print-voting-backend/internal/api/auth/JWT.go:46.16,48.3 1 0
finger-print-voting-backend/internal/api/auth/JWT.go:50.2,50.25 1 1
finger-print-voting-backend/internal/api/auth/JWT.go:53.70,55.16 2 1
finger-print-voting-backend/internal/api/auth/JWT.go:55.16,57.3 1 1
finger-print-voting-backend/internal/api/auth/JWT.go:59.2,59.18 1 1
finger-print-voting-backend/internal/api/auth/JWT.go:59.18,61.3 1 0
finger-print-voting-backend/internal/api/auth/JWT.go:63.2,64.9 2 1
finger-print-voting-backend/internal/api/auth/JWT.go:64.9,66.3 1 0
finger-print-voting-backend/internal/api/auth/JWT.go:68.2,68.21 1 1
finger-print-voting-backend/internal/api/auth/JWT.go:71.41,73.49 2 1
finger-print-voting-backend/internal/api/auth/JWT.go:73.49,75.3 1 1
finger-print-voting-backend/internal/api/internal/WriteError.go:10.88,15.24 4 1
finger-print-voting-backend/internal/api/internal/WriteError.go:15.24,19.3 1 1
finger-print-voting-backend/internal/api/internal/WriteError.go:19.8,19.31 1 0
finger-print-voting-backend/internal/api/internal/WriteError.go:19.31,24.3 1 0
finger-print-voting-backend/internal/api/internal/WriteError.go:24.8,29.3 1 0
finger-print-voting-backend/internal/config/Load.go:23.27,25.16 2 0
finger-print-voting-backend/internal/config/Load.go:25.16,26.13 1 0
finger-print-voting-backend/internal/config/Load.go:28.2,31.16 4 0
finger-print-voting-backend/internal/config/Load.go:31.16,32.68 1 0
finger-print-voting-backend/internal/config/Load.go:35.2,39.25 3 0
finger-print-voting-backend/internal/config/Load.go:39.25,42.3 2 0
finger-print-voting-backend/internal/config/Load.go:44.2,50.33 4 0
finger-print-voting-backend/internal/config/Load.go:50.33,51.21 1 0
finger-print-voting-backend/internal/config/Load.go:51.21,54.24 3 0
finger-print-voting-backend/internal/config/Load.go:54.24,55.22 1 0
finger-print-voting-backend/internal/config/Load.go:56.15,57.36 1 0
finger-print-voting-backend/internal/config/Load.go:58.22,59.34 1 0
finger-print-voting-backend/internal/config/Load.go:60.20,61.32 1 0
finger-print-voting-backend/internal/config/Load.go:62.24,63.36 1 0
finger-print-voting-backend/internal/config/Load.go:64.24,65.36 1 0
finger-print-voting-backend/internal/config/Load.go:66.24,67.39 1 0
finger-print-voting-backend/internal/config/Load.go:73.2,73.136 1 0
finger-print-voting-backend/internal/config/Load.go:73.136,74.35 1 0
finger-print-voting-backend/internal/config/Load.go:77.2,77.33 1 0
finger-print-voting-backend/internal/config/Load.go:77.33,78.35 1 0
finger-print-voting-backend/internal/config/Load.go:81.2,81.15 1 0
finger-print-voting-backend/internal/database/Client.go:17.56,24.16 3 0
finger-print-voting-backend/internal/database/Client.go:24.16,26.3 1 0
finger-print-voting-backend/internal/database/Client.go:28.2,32.21 2 0
finger-print-voting-backend/internal/database/Client.go:35.48,41.2 2 0
finger-print-voting-backend/internal/database/Client.go:43.70,45.16 2 0
finger-print-voting-backend/internal/database/Client.go:45.16,47.3 1 0
finger-print-voting-backend/internal/database/Client.go:49.2,49.12 1 0
finger-print-voting-backend/internal/database/Client.go:49.12,50.60 1 0
finger-print-voting-backend/internal/database/Client.go:50.60,52.4 1 0
finger-print-voting-backend/internal/database/Client.go:55.2,55.12 1 0
finger-print-voting-backend/internal/database/Client.go:58.37,60.2 1 0
finger-print-voting-backend/internal/database/Client.go:62.48,64.2 1 0
finger-print-voting-backend/internal/database/Client.go:66.44,69.16 2 0
finger-print-voting-backend/internal/database/Client.go:69.16,71.3 1 0
finger-print-voting-backend/internal/database/Client.go:73.2,74.12 2 0
finger-print-voting-backend/internal/database/Client.go:77.37,79.2 1 0
finger-print-voting-backend/internal/database/Elections.go:11.75,14.16 2 0
finger-print-voting-backend/internal/database/Elections.go:14.16,16.3 1 0
finger-print-voting-backend/internal/database/Elections.go:18.2,23.16 3 0
finger-print-voting-backend/internal/database/Elections.go:23.16,25.21 2 0
finger-print-voting-backend/internal/database/Elections.go:25.21,27.4 1 0
finger-print-voting-backend/internal/database/Elections.go:28.3,28.55 1 0
finger-print-voting-backend/internal/database/Elections.go:31.2,31.23 1 0
finger-print-voting-backend/internal/database/Elections.go:31.23,34.21 3 0
finger-print-voting-backend/internal/database/Elections.go:34.21,36.4 1 0
finger-print-voting-backend/internal/database/Elections.go:37.3,37.55 1 0
finger-print-voting-backend/internal/database/Elections.go:40.2,42.16 2 0
finger-print-voting-backend/internal/database/Elections.go:42.16,44.21 2 0
finger-print-voting-backend/internal/database/Elections.go:44.21,46.4 1 0
finger-print-voting-backend/internal/database/Elections.go:47.3,47.55 1 0
finger-print-voting-backend/internal/database/Elections.go:50.2,52.16 2 0
finger-print-voting-backend/internal/database/Elections.go:52.16,54.21 2 0
finger-print-voting-backend/internal/database/Elections.go:54.21,56.4 1 0
finger-print-voting-backend/internal/database/Elections.go:57.3,57.55 1 0
finger-print-voting-backend/internal/database/Elections.go:60.2,60.12 1 0
finger-print-voting-backend/internal/database/Elections.go:63.93,68.39 3 0
finger-print-voting-backend/internal/database/Elections.go:68.39,77.17 5 0
finger-print-voting-backend/internal/database/Elections.go:77.17,80.4 2 0
finger-print-voting-backend/internal/database/Elections.go:83.2,85.12 2 0
finger-print-voting-backend/internal/database/Elections.go:88.75,93.16 4 0
finger-print-voting-backend/internal/database/Elections.go:93.16,95.3 1 0
finger-print-voting-backend/internal/database/Elections.go:97.2,97.22 1 0
finger-print-voting-backend/internal/database/Elections.go:100.64,104.16 3 0
finger-print-voting-backend/internal/database/Elections.go:104.16,106.3 1 0
finger-print-voting-backend/internal/database/Elections.go:108.2,110.18 2 0
finger-print-voting-backend/internal/database/Elections.go:110.18,113.109 2 0
finger-print-voting-backend/internal/database/Elections.go:113.109,115.4 1 0
finger-print-voting-backend/internal/database/Elections.go:117.3,117.42 1 0
finger-print-voting-backend/internal/database/Elections.go:120.2,120.34 1 0
finger-print-voting-backend/internal/database/Elections.go:120.34,122.3 1 0
finger-print-voting-backend/internal/database/Elections.go:124.2,124.23 1 0
finger-print-voting-backend/internal/database/Elections.go:127.88,132.16 3 0
finger-print-voting-backend/internal/database/Elections.go:132.16,134.3 1 0
finger-print-voting-backend/internal/database/Elections.go:136.2,138.18 2 0
finger-print-voting-backend/internal/database/Elections.go:138.18,141.109 2 0
finger-print-voting-backend/internal/database/Elections.go:141.109,143.4 1 0
finger-print-voting-backend/internal/database/Elections.go:145.3,145.17 1 0
finger-print-voting-backend/internal/database/Elections.go:145.17,147.4 1 0
finger-print-voting-backend/internal/database/Elections.go:149.3,149.42 1 0
finger-print-voting-backend/internal/database/Elections.go:152.2,152.34 1 0
finger-print-voting-backend/internal/database/Elections.go:152.34,154.3 1 0
finger-print-voting-backend/internal/database/Elections.go:156.2,156.23 1 0
finger-print-voting-backend/internal/database/Elections.go:159.80,164.16 3 0
finger-print-voting-backend/internal/database/Elections.go:164.16,166.3 1 0
finger-print-voting-backend/internal/database/Elections.go:168.2,170.18 2 0
finger-print-voting-backend/internal/database/Elections.go:170.18,173.185 2 0
finger-print-voting-backend/internal/database/Elections.go:173.185,175.4 1 0
finger-print-voting-backend/internal/database/Elections.go:176.3,176.45 1 0
finger-print-voting-backend/internal/database/Elections.go:179.2,179.34 1 0
finger-print-voting-backend/internal/database/Elections.go:179.34,181.3 1 0
finger-print-voting-backend/internal/database/Elections.go:183.2,183.24 1 0
finger-print-voting-backend/internal/database/Elections.go:186.74,188.16 2 0
finger-print-voting-backend/internal/database/Elections.go:188.16,190.3 1 0
finger-print-voting-backend/internal/database/Elections.go:192.2,192.12 1 0
finger-print-voting-backend/internal/database/Registrants.go:11.83,16.16 2 0
finger-print-voting-backend/internal/database/Registrants.go:16.16,18.3 1 0
finger-print-voting-backend/internal/database/Registrants.go:20.2,20.12 1 0
finger-print-voting-backend/internal/database/Registrants.go:23.68,27.16 3 0
finger-print-voting-backend/internal/database/Registrants.go:27.16,29.3 1 0
finger-print-voting-backend/internal/database/Registrants.go:31.2,33.18 2 0
finger-print-voting-backend/internal/database/Registrants.go:33.18,37.92 2 0
finger-print-voting-backend/internal/database/Registrants.go:37.92,39.4 1 0
finger-print-voting-backend/internal/database/Registrants.go:40.3,40.48 1 0
finger-print-voting-backend/internal/database/Registrants.go:43.2,43.34 1 0
finger-print-voting-backend/internal/database/Registrants.go:43.34,45.3 1 0
finger-print-voting-backend/internal/database/Registrants.go:47.2,47.25 1 0
finger-print-voting-backend/internal/database/Registrants.go:50.81,55.91 2 0
finger-print-voting-backend/internal/database/Registrants.go:55.91,57.3 1 0
finger-print-voting-backend/internal/database/Registrants.go:59.2,59.24 1 0
finger-print-voting-backend/internal/database/Registrants.go:62.76,64.16 2 0
finger-print-voting-backend/internal/database/Registrants.go:64.16,66.3 1 0
finger-print-voting-backend/internal/database/Registrants.go:68.2,68.12 1 0
finger-print-voting-backend/internal/database/Results.go:11.81,15.16 2 0
finger-print-voting-backend/internal/database/Results.go:15.16,17.3 1 0
finger-print-voting-backend/internal/database/Results.go:19.2,19.12 1 0
finger-print-voting-backend/internal/database/Results.go:22.74,26.16 3 0
finger-print-voting-backend/internal/database/Results.go:26.16,28.3 1 0
finger-print-voting-backend/internal/database/Results.go:30.2,32.18 2 0
finger-print-voting-backend/internal/database/Results.go:32.18,35.161 2 0
finger-print-voting-backend/internal/database/Results.go:35.161,37.4 1 0
finger-print-voting-backend/internal/database/Results.go:38.3,38.36 1 0
finger-print-voting-backend/internal/database/Results.go:41.2,41.34 1 0
finger-print-voting-backend/internal/database/Results.go:41.34,43.3 1 0
finger-print-voting-backend/internal/database/Results.go:45.2,45.21 1 0
finger-print-voting-backend/internal/database/SchemaSetup.go:12.53,15.38 2 0
finger-print-voting-backend/internal/database/SchemaSetup.go:15.38,24.17 5 0
finger-print-voting-backend/internal/database/SchemaSetup.go:24.17,26.4 1 0
finger-print-voting-backend/internal/database/SchemaSetup.go:28.3,28.19 1 0
finger-print-voting-backend/internal/database/SchemaSetup.go:28.19,31.4 2 0
finger-print-voting-backend/internal/database/SchemaSetup.go:34.2,34.25 1 0
finger-print-voting-backend/internal/database/SchemaSetup.go:37.64,39.16 2 0
finger-print-voting-backend/internal/database/SchemaSetup.go:39.16,41.3 1 0
finger-print-voting-backend/internal/database/SchemaSetup.go:43.2,43.39 1 0
finger-print-voting-backend/internal/database/SchemaSetup.go:43.39,47.17 4 0
finger-print-voting-backend/internal/database/SchemaSetup.go:47.17,49.4 1 0
finger-print-voting-backend/internal/database/SchemaSetup.go:51.3,52.17 2 0
finger-print-voting-backend/internal/database/SchemaSetup.go:52.17,54.4 1 0
finger-print-voting-backend/internal/database/SchemaSetup.go:57.2,57.12 1 0
finger-print-voting-backend/internal/database/User.go:11.68,15.16 2 0
finger-print-voting-backend/internal/database/User.go:15.16,17.3 1 0
finger-print-voting-backend/internal/database/User.go:19.2,19.12 1 0
finger-print-voting-backend/internal/database/User.go:22.71,25.16 2 0
finger-print-voting-backend/internal/database/User.go:25.16,27.3 1 0
finger-print-voting-backend/internal/database/User.go:29.2,32.16 2 0
finger-print-voting-backend/internal/database/User.go:32.16,34.3 1 0
finger-print-voting-backend/internal/database/User.go:36.2,36.12 1 0
finger-print-voting-backend/internal/database/User.go:39.70,45.100 3 0
finger-print-voting-backend/internal/database/User.go:45.100,46.27 1 0
finger-print-voting-backend/internal/database/User.go:46.27,48.4 1 0
finger-print-voting-backend/internal/database/User.go:50.3,50.70 1 0
finger-print-voting-backend/internal/database/User.go:53.2,55.16 2 0
finger-print-voting-backend/internal/database/User.go:55.16,57.3 1 0
finger-print-voting-backend/internal/database/User.go:59.2,61.19 2 0
finger-print-voting-backend/internal/database/User.go:64.68,70.111 4 0
finger-print-voting-backend/internal/database/User.go:70.111,71.27 1 0
finger-print-voting-backend/internal/database/User.go:71.27,73.4 1 0
finger-print-voting-backend/internal/database/User.go:75.3,75.69 1 0
finger-print-voting-backend/internal/database/User.go:78.2,78.18 1 0
finger-print-voting-backend/internal/database/User.go:81.70,83.16 2 0
finger-print-voting-backend/internal/database/User.go:83.16,85.3 1 0
finger-print-voting-backend/internal/database/User.go:87.2,88.16 2 0
finger-print-voting-backend/internal/database/User.go:88.16,90.3 1 0
finger-print-voting-backend/internal/database/User.go:92.2,92.12 1 0
finger-print-voting-backend/internal/database/Votes.go:11.68,15.16 2 0
finger-print-voting-backend/internal/database/Votes.go:15.16,17.3 1 0
finger-print-voting-backend/internal/database/Votes.go:19.2,19.12 1 0
finger-print-voting-backend/internal/database/Votes.go:22.70,26.16 3 0
finger-print-voting-backend/internal/database/Votes.go:26.16,28.3 1 0
finger-print-voting-backend/internal/database/Votes.go:30.2,32.18 2 0
finger-print-voting-backend/internal/database/Votes.go:32.18,35.88 2 0
finger-print-voting-backend/internal/database/Votes.go:35.88,37.4 1 0
finger-print-voting-backend/internal/database/Votes.go:38.3,38.30 1 0
finger-print-voting-backend/internal/database/Votes.go:41.2,41.34 1 0
finger-print-voting-backend/internal/database/Votes.go:41.34,43.3 1 0
finger-print-voting-backend/internal/database/Votes.go:45.2,45.19 1 0
finger-print-voting-backend/internal/database/Votes.go:48.69,50.16 2 0
finger-print-voting-backend/internal/database/Votes.go:50.16,52.3 1 0
finger-print-voting-backend/internal/database/Votes.go:54.2,54.12 1 0
finger-print-voting-backend/internal/fingerprints/CompareBase64Fingerprints.go:13.73,15.16 2 0
finger-print-voting-backend/internal/fingerprints/CompareBase64Fingerprints.go:15.16,17.3 1 0
finger-print-voting-backend/internal/fingerprints/CompareBase64Fingerprints.go:19.2,20.16 2 0
finger-print-voting-backend/internal/fingerprints/CompareBase64Fingerprints.go:20.16,22.3 1 0
finger-print-voting-backend/internal/fingerprints/CompareBase64Fingerprints.go:24.2,24.51 1 0
finger-print-voting-backend/internal/fingerprints/CompareBase64Fingerprints.go:27.61,28.19 1 0
finger-print-voting-backend/internal/fingerprints/CompareBase64Fingerprints.go:28.19,30.3 1 0
finger-print-voting-backend/internal/fingerprints/CompareBase64Fingerprints.go:32.2,33.15 2 0
finger-print-voting-backend/internal/fingerprints/CompareBase64Fingerprints.go:33.15,35.3 1 0
finger-print-voting-backend/internal/fingerprints/CompareBase64Fingerprints.go:37.2,43.52 4 0
finger-print-voting-backend/internal/fingerprints/CompareBase64Fingerprints.go:44.19,45.25 1 0
finger-print-voting-backend/internal/fingerprints/CompareBase64Fingerprints.go:47.20,48.26 1 0
finger-print-voting-backend/internal/fingerprints/CompareBase64Fingerprints.go:51.2,51.114 1 0
finger-print-voting-backend/internal/fingerprints/CompareFingerprints.go:12.99,15.2 2 0
finger-print-voting-backend/internal/fingerprints/CompareFingerprints.go:18.51,21.47 3 0
finger-print-voting-backend/internal/fingerprints/CompareFingerprints.go:21.47,22.48 1 0
finger-print-voting-backend/internal/fingerprints/CompareFingerprints.go:22.48,28.4 4 0
finger-print-voting-backend/internal/fingerprints/CompareFingerprints.go:31.2,33.12 3 0
finger-print-voting-backend/internal/test/testutils/MockDB.go:14.75,17.2 2 0
finger-print-voting-backend/internal/test/testutils/MockDB.go:19.64,22.2 2 1
finger-print-voting-backend/internal/test/testutils/MockDB.go:24.75,27.2 2 0
finger-print-voting-backend/internal/test/testutils/MockDB.go:29.88,32.2 2 0
finger-print-voting-backend/internal/test/testutils/MockDB.go:34.80,37.2 2 1
finger-print-voting-backend/internal/test/testutils/MockDB.go:39.74,42.2 2 0
finger-print-voting-backend/internal/test/testutils/MockDB.go:44.83,47.2 2 1
finger-print-voting-backend/internal/test/testutils/MockDB.go:49.68,52.2 2 1
finger-print-voting-backend/internal/test/testutils/MockDB.go:54.81,57.2 2 1
finger-print-voting-backend/internal/test/testutils/MockDB.go:59.76,62.2 2 1
finger-print-voting-backend/internal/test/testutils/MockDB.go:64.81,67.2 2 0
finger-print-voting-backend/internal/test/testutils/MockDB.go:69.74,72.2 2 1
finger-print-voting-backend/internal/test/testutils/MockDB.go:74.53,77.2 2 0
finger-print-voting-backend/internal/test/testutils/MockDB.go:79.43,82.2 2 0
finger-print-voting-backend/internal/test/testutils/MockDB.go:84.68,87.2 2 0
finger-print-voting-backend/internal/test/testutils/MockDB.go:89.71,92.2 2 1
finger-print-voting-backend/internal/test/testutils/MockDB.go:94.70,97.2 2 0
finger-print-voting-backend/internal/test/testutils/MockDB.go:99.68,102.2 2 1
finger-print-voting-backend/internal/test/testutils/MockDB.go:104.70,107.2 2 0
finger-print-voting-backend/internal/test/testutils/MockDB.go:109.68,112.2 2 0
finger-print-voting-backend/internal/test/testutils/MockDB.go:114.70,117.2 2 1
finger-print-voting-backend/internal/test/testutils/MockDB.go:119.69,122.2 2 0
finger-print-voting-backend/internal/test/testutils/MockDB.go:124.48,127.2 2 1
finger-print-voting-backend/internal/test/testutils/MockNextHandler.go:15.77,17.16 2 1
finger-print-voting-backend/internal/test/testutils/MockNextHandler.go:17.16,18.50 1 0
finger-print-voting-backend/internal/test/testutils/MockNextHandler.go:21.2,24.30 3 1
finger-print-voting-backend/internal/test/testutils/MockNextHandler.go:27.63,30.15 2 1
finger-print-voting-backend/internal/test/testutils/MockNextHandler.go:30.15,32.3 1 0
finger-print-voting-backend/internal/test/testutils/MockNextHandler.go:34.2,34.22 1 1
finger-print-voting-backend/internal/test/testutils/MockNextHandler.go:34.22,36.3 1 0
finger-print-voting-backend/internal/test/testutils/MockNextHandler.go:38.2,38.18 1 1
finger-print-voting-backend/internal/test/testutils/MockNextHandler.go:41.53,49.2 4 0
finger-print-voting-backend/internal/test/testutils/MockNextHandler.go:51.56,59.2 4 1
finger-print-voting-backend/internal/types/Candidate.go:23.46,24.25 1 0
finger-print-voting-backend/internal/types/Candidate.go:24.25,26.3 1 0
finger-print-voting-backend/internal/types/Candidate.go:28.2,28.24 1 0
finger-print-voting-backend/internal/types/Candidate.go:28.24,30.3 1 0
finger-print-voting-backend/internal/types/Candidate.go:32.2,32.21 1 0
finger-print-voting-backend/internal/types/Candidate.go:32.21,34.3 1 0
finger-print-voting-backend/internal/types/Candidate.go:36.2,36.27 1 0
finger-print-voting-backend/internal/types/Candidate.go:36.27,38.3 1 0
finger-print-voting-backend/internal/types/Candidate.go:40.2,40.21 1 0
finger-print-voting-backend/internal/types/Candidate.go:40.21,42.3 1 0
finger-print-voting-backend/internal/types/Candidate.go:44.2,44.12 1 0
finger-print-voting-backend/internal/types/Election.go:41.85,44.29 2 1
finger-print-voting-backend/internal/types/Election.go:44.29,46.3 1 1
finger-print-voting-backend/internal/types/Election.go:48.2,49.39 2 1
finger-print-voting-backend/internal/types/Election.go:49.39,57.3 1 1
finger-print-voting-backend/internal/types/Election.go:59.2,59.23 1 1
finger-print-voting-backend/internal/types/Election.go:69.45,70.21 1 0
finger-print-voting-backend/internal/types/Election.go:70.21,72.3 1 0
finger-print-voting-backend/internal/types/Election.go:74.2,74.19 1 0
finger-print-voting-backend/internal/types/Election.go:74.19,76.3 1 0
finger-print-voting-backend/internal/types/Election.go:78.2,78.24 1 0
finger-print-voting-backend/internal/types/Election.go:78.24,80.3 1 0
finger-print-voting-backend/internal/types/Election.go:82.2,83.16 2 0
finger-print-voting-backend/internal/types/Election.go:83.16,85.3 1 0
finger-print-voting-backend/internal/types/Election.go:87.2,88.16 2 0
finger-print-voting-backend/internal/types/Election.go:88.16,90.3 1 0
finger-print-voting-backend/internal/types/Election.go:92.2,92.42 1 0
finger-print-voting-backend/internal/types/Election.go:92.42,94.3 1 0
finger-print-voting-backend/internal/types/Election.go:96.2,96.39 1 0
finger-print-voting-backend/internal/types/Election.go:96.39,98.3 1 0
finger-print-voting-backend/internal/types/Election.go:100.2,100.43 1 0
finger-print-voting-backend/internal/types/Election.go:100.43,101.46 1 0
finger-print-voting-backend/internal/types/Election.go:101.46,103.4 1 0
finger-print-voting-backend/internal/types/Election.go:106.2,106.12 1 0
finger-print-voting-backend/internal/types/Election.go:109.51,111.25 2 0
finger-print-voting-backend/internal/types/Election.go:111.25,113.3 1 0
finger-print-voting-backend/internal/types/Election.go:115.2,116.16 2 0
finger-print-voting-backend/internal/types/Election.go:116.16,118.3 1 0
finger-print-voting-backend/internal/types/Election.go:120.2,121.16 2 0
finger-print-voting-backend/internal/types/Election.go:121.16,123.3 1 0
finger-print-voting-backend/internal/types/Election.go:125.2,126.16 2 0
finger-print-voting-backend/internal/types/Election.go:126.16,128.3 1 0
finger-print-voting-backend/internal/types/Election.go:130.2,130.77 1 0
finger-print-voting-backend/internal/types/Election.go:133.45,135.16 2 0
finger-print-voting-backend/internal/types/Election.go:135.16,137.3 1 0
finger-print-voting-backend/internal/types/Election.go:139.2,139.23 1 0
finger-print-voting-backend/internal/types/LoginRequest.go:10.47,11.28 1 1
finger-print-voting-backend/internal/types/LoginRequest.go:11.28,13.3 1 1
finger-print-voting-backend/internal/types/LoginRequest.go:15.2,15.28 1 1
finger-print-voting-backend/internal/types/LoginRequest.go:15.28,17.3 1 1
finger-print-voting-backend/internal/types/LoginRequest.go:19.2,19.12 1 1
finger-print-voting-backend/internal/types/RegistrationRequest.go:15.49,16.25 1 1
finger-print-voting-backend/internal/types/RegistrationRequest.go:16.25,18.3 1 0
finger-print-voting-backend/internal/types/RegistrationRequest.go:20.2,20.24 1 1
finger-print-voting-backend/internal/types/RegistrationRequest.go:20.24,22.3 1 0
finger-print-voting-backend/internal/types/RegistrationRequest.go:24.2,24.21 1 1
finger-print-voting-backend/internal/types/RegistrationRequest.go:24.21,26.3 1 0
finger-print-voting-backend/internal/types/RegistrationRequest.go:28.2,28.23 1 1
finger-print-voting-backend/internal/types/RegistrationRequest.go:28.23,30.3 1 0
finger-print-voting-backend/internal/types/RegistrationRequest.go:32.2,32.27 1 1
finger-print-voting-backend/internal/types/RegistrationRequest.go:32.27,34.3 1 0
finger-print-voting-backend/internal/types/RegistrationRequest.go:36.2,36.31 1 1
finger-print-voting-backend/internal/types/RegistrationRequest.go:36.31,38.3 1 0
finger-print-voting-backend/internal/types/RegistrationRequest.go:40.2,40.24 1 1
finger-print-voting-backend/internal/types/RegistrationRequest.go:40.24,42.3 1 0
finger-print-voting-backend/internal/types/RegistrationRequest.go:44.2,44.12 1 1
finger-print-voting-backend/internal/types/UserAcceptanceRequest.go:12.51,13.24 1 1
finger-print-voting-backend/internal/types/UserAcceptanceRequest.go:13.24,15.3 1 0
finger-print-voting-backend/internal/types/UserAcceptanceRequest.go:17.2,17.24 1 1
finger-print-voting-backend/internal/types/UserAcceptanceRequest.go:17.24,19.3 1 0
finger-print-voting-backend/internal/types/UserAcceptanceRequest.go:21.2,21.12 1 1
finger-print-voting-backend/internal/types/UserDetails.go:10.56,16.2 5 1
finger-print-voting-backend/internal/types/Vote.go:17.41,18.27 1 0
finger-print-voting-backend/internal/types/Vote.go:18.27,20.3 1 0
finger-print-voting-backend/internal/types/Vote.go:22.2,22.12 1 0
finger-print-voting-backend/internal/api/auth/JWT.go:19.36,20.27 1 1
finger-print-voting-backend/internal/api/auth/JWT.go:20.27,22.3 1 1
finger-print-voting-backend/internal/api/auth/JWT.go:24.2,24.42 1 1
finger-print-voting-backend/internal/api/auth/JWT.go:24.42,26.3 1 0
finger-print-voting-backend/internal/api/auth/JWT.go:28.2,28.12 1 1
finger-print-voting-backend/internal/api/auth/JWT.go:31.66,46.16 5 1
finger-print-voting-backend/internal/api/auth/JWT.go:46.16,48.3 1 0
finger-print-voting-backend/internal/api/auth/JWT.go:50.2,50.25 1 1
finger-print-voting-backend/internal/api/auth/JWT.go:53.70,55.16 2 1
finger-print-voting-backend/internal/api/auth/JWT.go:55.16,57.3 1 1
finger-print-voting-backend/internal/api/auth/JWT.go:59.2,59.18 1 1
finger-print-voting-backend/internal/api/auth/JWT.go:59.18,61.3 1 0
finger-print-voting-backend/internal/api/auth/JWT.go:63.2,64.9 2 1
finger-print-voting-backend/internal/api/auth/JWT.go:64.9,66.3 1 0
finger-print-voting-backend/internal/api/auth/JWT.go:68.2,68.21 1 1
finger-print-voting-backend/internal/api/auth/JWT.go:71.41,73.49 2 1
finger-print-voting-backend/internal/api/auth/JWT.go:73.49,75.3 1 1
finger-print-voting-backend/internal/config/Load.go:23.27,25.16 2 0
finger-print-voting-backend/internal/config/Load.go:25.16,26.13 1 0
finger-print-voting-backend/internal/config/Load.go:28.2,31.16 4 0
finger-print-voting-backend/internal/config/Load.go:31.16,32.68 1 0
finger-print-voting-backend/internal/config/Load.go:35.2,39.25 3 0
finger-print-voting-backend/internal/config/Load.go:39.25,42.3 2 0
finger-print-voting-backend/internal/config/Load.go:44.2,50.33 4 0
finger-print-voting-backend/internal/config/Load.go:50.33,51.21 1 0
finger-print-voting-backend/internal/config/Load.go:51.21,54.24 3 0
finger-print-voting-backend/internal/config/Load.go:54.24,55.22 1 0
finger-print-voting-backend/internal/config/Load.go:56.15,57.36 1 0
finger-print-voting-backend/internal/config/Load.go:58.22,59.34 1 0
finger-print-voting-backend/internal/config/Load.go:60.20,61.32 1 0
finger-print-voting-backend/internal/config/Load.go:62.24,63.36 1 0
finger-print-voting-backend/internal/config/Load.go:64.24,65.36 1 0
finger-print-voting-backend/internal/config/Load.go:66.24,67.39 1 0
finger-print-voting-backend/internal/config/Load.go:73.2,73.136 1 0
finger-print-voting-backend/internal/config/Load.go:73.136,74.35 1 0
finger-print-voting-backend/internal/config/Load.go:77.2,77.33 1 0
finger-print-voting-backend/internal/config/Load.go:77.33,78.35 1 0
finger-print-voting-backend/internal/config/Load.go:81.2,81.15 1 0
finger-print-voting-backend/internal/database/Client.go:17.56,24.16 3 0
finger-print-voting-backend/internal/database/Client.go:24.16,26.3 1 0
finger-print-voting-backend/internal/database/Client.go:28.2,32.21 2 0
finger-print-voting-backend/internal/database/Client.go:35.48,41.2 2 1
finger-print-voting-backend/internal/database/Client.go:43.70,45.16 2 1
finger-print-voting-backend/internal/database/Client.go:45.16,47.3 1 1
finger-print-voting-backend/internal/database/Client.go:49.2,49.12 1 1
finger-print-voting-backend/internal/database/Client.go:49.12,50.60 1 1
finger-print-voting-backend/internal/database/Client.go:50.60,52.4 1 1
finger-print-voting-backend/internal/database/Client.go:55.2,55.12 1 1
finger-print-voting-backend/internal/database/Client.go:58.37,60.2 1 1
finger-print-voting-backend/internal/database/Client.go:62.48,64.2 1 1
finger-print-voting-backend/internal/database/Client.go:66.44,69.16 2 1
finger-print-voting-backend/internal/database/Client.go:69.16,71.3 1 1
finger-print-voting-backend/internal/database/Client.go:73.2,74.12 2 0
finger-print-voting-backend/internal/database/Client.go:77.37,79.2 1 0
finger-print-voting-backend/internal/database/Elections.go:11.75,14.16 2 1
finger-print-voting-backend/internal/database/Elections.go:14.16,16.3 1 0
finger-print-voting-backend/internal/database/Elections.go:18.2,23.16 3 1
finger-print-voting-backend/internal/database/Elections.go:23.16,25.21 2 1
finger-print-voting-backend/internal/database/Elections.go:25.21,27.4 1 0
finger-print-voting-backend/internal/database/Elections.go:28.3,28.55 1 1
finger-print-voting-backend/internal/database/Elections.go:31.2,31.23 1 1
finger-print-voting-backend/internal/database/Elections.go:31.23,34.21 3 0
finger-print-voting-backend/internal/database/Elections.go:34.21,36.4 1 0
finger-print-voting-backend/internal/database/Elections.go:37.3,37.55 1 0
finger-print-voting-backend/internal/database/Elections.go:40.2,42.16 2 1
finger-print-voting-backend/internal/database/Elections.go:42.16,44.21 2 0
finger-print-voting-backend/internal/database/Elections.go:44.21,46.4 1 0
finger-print-voting-backend/internal/database/Elections.go:47.3,47.55 1 0
finger-print-voting-backend/internal/database/Elections.go:50.2,52.16 2 1
finger-print-voting-backend/internal/database/Elections.go:52.16,54.21 2 0
finger-print-voting-backend/internal/database/Elections.go:54.21,56.4 1 0
finger-print-voting-backend/internal/database/Elections.go:57.3,57.55 1 0
finger-print-voting-backend/internal/database/Elections.go:60.2,60.12 1 1
finger-print-voting-backend/internal/database/Elections.go:63.93,68.39 3 1
finger-print-voting-backend/internal/database/Elections.go:68.39,77.17 5 1
finger-print-voting-backend/internal/database/Elections.go:77.17,80.4 2 0
finger-print-voting-backend/internal/database/Elections.go:83.2,85.12 2 1
finger-print-voting-backend/internal/database/Elections.go:88.75,93.16 4 0
finger-print-voting-backend/internal/database/Elections.go:93.16,95.3 1 0
finger-print-voting-backend/internal/database/Elections.go:97.2,97.22 1 0
finger-print-voting-backend/internal/database/Elections.go:100.64,104.16 3 1
finger-print-voting-backend/internal/database/Elections.go:104.16,106.3 1 0
finger-print-voting-backend/internal/database/Elections.go:108.2,110.18 2 1
finger-print-voting-backend/internal/database/Elections.go:110.18,113.109 2 1
finger-print-voting-backend/internal/database/Elections.go:113.109,115.4 1 1
finger-print-voting-backend/internal/database/Elections.go:117.3,117.42 1 1
finger-print-voting-backend/internal/database/Elections.go:120.2,120.34 1 1
finger-print-voting-backend/internal/database/Elections.go:120.34,122.3 1 0
finger-print-voting-backend/internal/database/Elections.go:124.2,124.23 1 1
finger-print-voting-backend/internal/database/Elections.go:127.88,132.16 3 0
finger-print-voting-backend/internal/database/Elections.go:132.16,134.3 1 0
finger-print-voting-backend/internal/database/Elections.go:136.2,138.18 2 0
finger-print-voting-backend/internal/database/Elections.go:138.18,141.109 2 0
finger-print-voting-backend/internal/database/Elections.go:141.109,143.4 1 0
finger-print-voting-backend/internal/database/Elections.go:145.3,145.17 1 0
finger-print-voting-backend/internal/database/Elections.go:145.17,147.4 1 0
finger-print-voting-backend/internal/database/Elections.go:149.3,149.42 1 0
finger-print-voting-backend/internal/database/Elections.go:152.2,152.34 1 0
finger-print-voting-backend/internal/database/Elections.go:152.34,154.3 1 0
finger-print-voting-backend/internal/database/Elections.go:156.2,156.23 1 0
finger-print-voting-backend/internal/database/Elections.go:159.80,164.16 3 1
finger-print-voting-backend/internal/database/Elections.go:164.16,166.3 1 0
finger-print-voting-backend/internal/database/Elections.go:168.2,170.18 2 1
finger-print-voting-backend/internal/database/Elections.go:170.18,173.185 2 1
finger-print-voting-backend/internal/database/Elections.go:173.185,175.4 1 1
finger-print-voting-backend/internal/database/Elections.go:176.3,176.45 1 1
finger-print-voting-backend/internal/database/Elections.go:179.2,179.34 1 1
finger-print-voting-backend/internal/database/Elections.go:179.34,181.3 1 0
finger-print-voting-backend/internal/database/Elections.go:183.2,183.24 1 1
finger-print-voting-backend/internal/database/Elections.go:186.74,188.16 2 1
finger-print-voting-backend/internal/database/Elections.go:188.16,190.3 1 1
finger-print-voting-backend/internal/database/Elections.go:192.2,192.12 1 1
finger-print-voting-backend/internal/database/Registrants.go:11.83,16.16 2 1
finger-print-voting-backend/internal/database/Registrants.go:16.16,18.3 1 1
finger-print-voting-backend/internal/database/Registrants.go:20.2,20.12 1 1
finger-print-voting-backend/internal/database/Registrants.go:23.68,27.16 3 1
finger-print-voting-backend/internal/database/Registrants.go:27.16,29.3 1 0
finger-print-voting-backend/internal/database/Registrants.go:31.2,33.18 2 1
finger-print-voting-backend/internal/database/Registrants.go:33.18,37.92 2 1
finger-print-voting-backend/internal/database/Registrants.go:37.92,39.4 1 1
finger-print-voting-backend/internal/database/Registrants.go:40.3,40.48 1 1
finger-print-voting-backend/internal/database/Registrants.go:43.2,43.34 1 1
finger-print-voting-backend/internal/database/Registrants.go:43.34,45.3 1 0
finger-print-voting-backend/internal/database/Registrants.go:47.2,47.25 1 1
finger-print-voting-backend/internal/database/Registrants.go:50.81,55.91 2 0
finger-print-voting-backend/internal/database/Registrants.go:55.91,57.3 1 0
finger-print-voting-backend/internal/database/Registrants.go:59.2,59.24 1 0
finger-print-voting-backend/internal/database/Registrants.go:62.76,64.16 2 1
finger-print-voting-backend/internal/database/Registrants.go:64.16,66.3 1 1
finger-print-voting-backend/internal/database/Registrants.go:68.2,68.12 1 1
finger-print-voting-backend/internal/database/Results.go:11.81,15.16 2 1
finger-print-voting-backend/internal/database/Results.go:15.16,17.3 1 1
finger-print-voting-backend/internal/database/Results.go:19.2,19.12 1 1
finger-print-voting-backend/internal/database/Results.go:22.74,26.16 3 1
finger-print-voting-backend/internal/database/Results.go:26.16,28.3 1 0
finger-print-voting-backend/internal/database/Results.go:30.2,32.18 2 1
finger-print-voting-backend/internal/database/Results.go:32.18,35.161 2 1
finger-print-voting-backend/internal/database/Results.go:35.161,37.4 1 1
finger-print-voting-backend/internal/database/Results.go:38.3,38.36 1 1
finger-print-voting-backend/internal/database/Results.go:41.2,41.34 1 1
finger-print-voting-backend/internal/database/Results.go:41.34,43.3 1 0
finger-print-voting-backend/internal/database/Results.go:45.2,45.21 1 1
finger-print-voting-backend/internal/database/SchemaSetup.go:12.53,15.38 2 1
finger-print-voting-backend/internal/database/SchemaSetup.go:15.38,24.17 5 1
finger-print-voting-backend/internal/database/SchemaSetup.go:24.17,26.4 1 1
finger-print-voting-backend/internal/database/SchemaSetup.go:28.3,28.19 1 1
finger-print-voting-backend/internal/database/SchemaSetup.go:28.19,31.4 2 1
finger-print-voting-backend/internal/database/SchemaSetup.go:34.2,34.25 1 1
finger-print-voting-backend/internal/database/SchemaSetup.go:37.64,39.16 2 1
finger-print-voting-backend/internal/database/SchemaSetup.go:39.16,41.3 1 1
finger-print-voting-backend/internal/database/SchemaSetup.go:43.2,43.39 1 1
finger-print-voting-backend/internal/database/SchemaSetup.go:43.39,47.17 4 1
finger-print-voting-backend/internal/database/SchemaSetup.go:47.17,49.4 1 0
finger-print-voting-backend/internal/database/SchemaSetup.go:51.3,52.17 2 1
finger-print-voting-backend/internal/database/SchemaSetup.go:52.17,54.4 1 1
finger-print-voting-backend/internal/database/SchemaSetup.go:57.2,57.12 1 1
finger-print-voting-backend/internal/database/User.go:11.68,15.16 2 1
finger-print-voting-backend/internal/database/User.go:15.16,17.3 1 1
finger-print-voting-backend/internal/database/User.go:19.2,19.12 1 1
finger-print-voting-backend/internal/database/User.go:22.71,25.16 2 0
finger-print-voting-backend/internal/database/User.go:25.16,27.3 1 0
finger-print-voting-backend/internal/database/User.go:29.2,32.16 2 0
finger-print-voting-backend/internal/database/User.go:32.16,34.3 1 0
finger-print-voting-backend/internal/database/User.go:36.2,36.12 1 0
finger-print-voting-backend/internal/database/User.go:39.70,45.100 3 1
finger-print-voting-backend/internal/database/User.go:45.100,46.27 1 1
finger-print-voting-backend/internal/database/User.go:46.27,48.4 1 1
finger-print-voting-backend/internal/database/User.go:50.3,50.70 1 0
finger-print-voting-backend/internal/database/User.go:53.2,55.16 2 1
finger-print-voting-backend/internal/database/User.go:55.16,57.3 1 1
finger-print-voting-backend/internal/database/User.go:59.2,61.19 2 1
finger-print-voting-backend/internal/database/User.go:64.68,70.111 4 1
finger-print-voting-backend/internal/database/User.go:70.111,71.27 1 1
finger-print-voting-backend/internal/database/User.go:71.27,73.4 1 1
finger-print-voting-backend/internal/database/User.go:75.3,75.69 1 1
finger-print-voting-backend/internal/database/User.go:78.2,78.18 1 1
finger-print-voting-backend/internal/database/User.go:81.70,83.16 2 0
finger-print-voting-backend/internal/database/User.go:83.16,85.3 1 0
finger-print-voting-backend/internal/database/User.go:87.2,88.16 2 0
finger-print-voting-backend/internal/database/User.go:88.16,90.3 1 0
finger-print-voting-backend/internal/database/User.go:92.2,92.12 1 0
finger-print-voting-backend/internal/database/Votes.go:11.68,15.16 2 1
finger-print-voting-backend/internal/database/Votes.go:15.16,17.3 1 1
finger-print-voting-backend/internal/database/Votes.go:19.2,19.12 1 1
finger-print-voting-backend/internal/database/Votes.go:22.70,26.16 3 1
finger-print-voting-backend/internal/database/Votes.go:26.16,28.3 1 0
finger-print-voting-backend/internal/database/Votes.go:30.2,32.18 2 1
finger-print-voting-backend/internal/database/Votes.go:32.18,35.88 2 1
finger-print-voting-backend/internal/database/Votes.go:35.88,37.4 1 1
finger-print-voting-backend/internal/database/Votes.go:38.3,38.30 1 1
finger-print-voting-backend/internal/database/Votes.go:41.2,41.34 1 1
finger-print-voting-backend/internal/database/Votes.go:41.34,43.3 1 0
finger-print-voting-backend/internal/database/Votes.go:45.2,45.19 1 1
finger-print-voting-backend/internal/database/Votes.go:48.69,50.16 2 1
finger-print-voting-backend/internal/database/Votes.go:50.16,52.3 1 1
finger-print-voting-backend/internal/database/Votes.go:54.2,54.12 1 1
finger-print-voting-backend/internal/types/Candidate.go:23.46,24.25 1 0
finger-print-voting-backend/internal/types/Candidate.go:24.25,26.3 1 0
finger-print-voting-backend/internal/types/Candidate.go:28.2,28.24 1 0
finger-print-voting-backend/internal/types/Candidate.go:28.24,30.3 1 0
finger-print-voting-backend/internal/types/Candidate.go:32.2,32.21 1 0
finger-print-voting-backend/internal/types/Candidate.go:32.21,34.3 1 0
finger-print-voting-backend/internal/types/Candidate.go:36.2,36.27 1 0
finger-print-voting-backend/internal/types/Candidate.go:36.27,38.3 1 0
finger-print-voting-backend/internal/types/Candidate.go:40.2,40.21 1 0
finger-print-voting-backend/internal/types/Candidate.go:40.21,42.3 1 0
finger-print-voting-backend/internal/types/Candidate.go:44.2,44.12 1 0
finger-print-voting-backend/internal/types/Election.go:41.85,44.29 2 0
finger-print-voting-backend/internal/types/Election.go:44.29,46.3 1 0
finger-print-voting-backend/internal/types/Election.go:48.2,49.39 2 0
finger-print-voting-backend/internal/types/Election.go:49.39,57.3 1 0
finger-print-voting-backend/internal/types/Election.go:59.2,59.23 1 0
finger-print-voting-backend/internal/types/Election.go:69.45,70.21 1 0
finger-print-voting-backend/internal/types/Election.go:70.21,72.3 1 0
finger-print-voting-backend/internal/types/Election.go:74.2,74.19 1 0
finger-print-voting-backend/internal/types/Election.go:74.19,76.3 1 0
finger-print-voting-backend/internal/types/Election.go:78.2,78.24 1 0
finger-print-voting-backend/internal/types/Election.go:78.24,80.3 1 0
finger-print-voting-backend/internal/types/Election.go:82.2,83.16 2 0
finger-print-voting-backend/internal/types/Election.go:83.16,85.3 1 0
finger-print-voting-backend/internal/types/Election.go:87.2,88.16 2 0
finger-print-voting-backend/internal/types/Election.go:88.16,90.3 1 0
finger-print-voting-backend/internal/types/Election.go:92.2,92.42 1 0
finger-print-voting-backend/internal/types/Election.go:92.42,94.3 1 0
finger-print-voting-backend/internal/types/Election.go:96.2,96.39 1 0
finger-print-voting-backend/internal/types/Election.go:96.39,98.3 1 0
finger-print-voting-backend/internal/types/Election.go:100.2,100.43 1 0
finger-print-voting-backend/internal/types/Election.go:100.43,101.46 1 0
finger-print-voting-backend/internal/types/Election.go:101.46,103.4 1 0
finger-print-voting-backend/internal/types/Election.go:106.2,106.12 1 0
finger-print-voting-backend/internal/types/Election.go:109.51,111.25 2 0
finger-print-voting-backend/internal/types/Election.go:111.25,113.3 1 0
finger-print-voting-backend/internal/types/Election.go:115.2,116.16 2 0
finger-print-voting-backend/internal/types/Election.go:116.16,118.3 1 0
finger-print-voting-backend/internal/types/Election.go:120.2,121.16 2 0
finger-print-voting-backend/internal/types/Election.go:121.16,123.3 1 0
finger-print-voting-backend/internal/types/Election.go:125.2,126.16 2 0
finger-print-voting-backend/internal/types/Election.go:126.16,128.3 1 0
finger-print-voting-backend/internal/types/Election.go:130.2,130.77 1 0
finger-print-voting-backend/internal/types/Election.go:133.45,135.16 2 0
finger-print-voting-backend/internal/types/Election.go:135.16,137.3 1 0
finger-print-voting-backend/internal/types/Election.go:139.2,139.23 1 0
finger-print-voting-backend/internal/types/LoginRequest.go:10.47,11.28 1 0
finger-print-voting-backend/internal/types/LoginRequest.go:11.28,13.3 1 0
finger-print-voting-backend/internal/types/LoginRequest.go:15.2,15.28 1 0
finger-print-voting-backend/internal/types/LoginRequest.go:15.28,17.3 1 0
finger-print-voting-backend/internal/types/LoginRequest.go:19.2,19.12 1 0
finger-print-voting-backend/internal/types/RegistrationRequest.go:15.49,16.25 1 0
finger-print-voting-backend/internal/types/RegistrationRequest.go:16.25,18.3 1 0
finger-print-voting-backend/internal/types/RegistrationRequest.go:20.2,20.24 1 0
finger-print-voting-backend/internal/types/RegistrationRequest.go:20.24,22.3 1 0
finger-print-voting-backend/internal/types/RegistrationRequest.go:24.2,24.21 1 0
finger-print-voting-backend/internal/types/RegistrationRequest.go:24.21,26.3 1 0
finger-print-voting-backend/internal/types/RegistrationRequest.go:28.2,28.23 1 0
finger-print-voting-backend/internal/types/RegistrationRequest.go:28.23,30.3 1 0
finger-print-voting-backend/internal/types/RegistrationRequest.go:32.2,32.27 1 0
finger-print-voting-backend/internal/types/RegistrationRequest.go:32.27,34.3 1 0
finger-print-voting-backend/internal/types/RegistrationRequest.go:36.2,36.31 1 0
finger-print-voting-backend/internal/types/RegistrationRequest.go:36.31,38.3 1 0
finger-print-voting-backend/internal/types/RegistrationRequest.go:40.2,40.24 1 0
finger-print-voting-backend/internal/types/RegistrationRequest.go:40.24,42.3 1 0
finger-print-voting-backend/internal/types/RegistrationRequest.go:44.2,44.12 1 0
finger-print-voting-backend/internal/types/UserAcceptanceRequest.go:12.51,13.24 1 0
finger-print-voting-backend/internal/types/UserAcceptanceRequest.go:13.24,15.3 1 0
finger-print-voting-backend/internal/types/UserAcceptanceRequest.go:17.2,17.24 1 0
finger-print-voting-backend/internal/types/UserAcceptanceRequest.go:17.24,19.3 1 0
finger-print-voting-backend/internal/types/UserAcceptanceRequest.go:21.2,21.12 1 0
finger-print-voting-backend/internal/types/UserDetails.go:10.56,16.2 5 0
finger-print-voting-backend/internal/types/Vote.go:17.41,18.27 1 0
finger-print-voting-backend/internal/types/Vote.go:18.27,20.3 1 0
finger-print-voting-backend/internal/types/Vote.go:22.2,22.12 1 0
finger-print-voting-backend/internal/fingerprints/CompareBase64Fingerprints.go:13.73,15.16 2 1
finger-print-voting-backend/internal/fingerprints/CompareBase64Fingerprints.go:15.16,17.3 1 1
finger-print-voting-backend/internal/fingerprints/CompareBase64Fingerprints.go:19.2,20.16 2 1
finger-print-voting-backend/internal/fingerprints/CompareBase64Fingerprints.go:20.16,22.3 1 0
finger-print-voting-backend/internal/fingerprints/CompareBase64Fingerprints.go:24.2,24.51 1 1
finger-print-voting-backend/internal/fingerprints/CompareBase64Fingerprints.go:27.61,28.19 1 1
finger-print-voting-backend/internal/fingerprints/CompareBase64Fingerprints.go:28.19,30.3 1 1
finger-print-voting-backend/internal/fingerprints/CompareBase64Fingerprints.go:32.2,33.15 2 1
finger-print-voting-backend/internal/fingerprints/CompareBase64Fingerprints.go:33.15,35.3 1 0
finger-print-voting-backend/internal/fingerprints/CompareBase64Fingerprints.go:37.2,43.52 4 1
finger-print-voting-backend/internal/fingerprints/CompareBase64Fingerprints.go:44.19,45.25 1 0
finger-print-voting-backend/internal/fingerprints/CompareBase64Fingerprints.go:47.20,48.26 1 1
finger-print-voting-backend/internal/fingerprints/CompareBase64Fingerprints.go:51.2,51.114 1 1
finger-print-voting-backend/internal/fingerprints/CompareFingerprints.go:12.99,15.2 2 1
finger-print-voting-backend/internal/fingerprints/CompareFingerprints.go:18.51,21.47 3 1
finger-print-voting-backend/internal/fingerprints/CompareFingerprints.go:21.47,22.48 1 1
finger-print-voting-backend/internal/fingerprints/CompareFingerprints.go:22.48,28.4 4 1
finger-print-voting-backend/internal/fingerprints/CompareFingerprints.go:31.2,33.12 3 1
